#
# There is insufficient memory for the Java Runtime Environment to continue.
# Native memory allocation (malloc) failed to allocate 1048576 bytes for AllocateHeap
# Possible reasons:
#   The system is out of physical RAM or swap space
#   The process is running with CompressedOops enabled, and the Java Heap may be blocking the growth of the native heap
# Possible solutions:
#   Reduce memory load on the system
#   Increase physical memory or swap space
#   Check if swap backing store is full
#   Decrease Java heap size (-Xmx/-Xms)
#   Decrease number of Java threads
#   Decrease Java thread stack sizes (-Xss)
#   Set larger code cache with -XX:ReservedCodeCacheSize=
#   JVM is running with Unscaled Compressed Oops mode in which the Java heap is
#     placed in the first 4GB address space. The Java Heap base address is the
#     maximum limit for the native heap growth. Please use -XX:HeapBaseMinAddress
#     to set the Java Heap base and to place the Java Heap above 4GB virtual address.
# This output file may be truncated or incomplete.
#
#  Out of Memory Error (memory/allocation.inline.hpp:61), pid=14912, tid=0x0000000000003ae8
#
# JRE version:  (8.0_201-b09) (build )
# Java VM: Java HotSpot(TM) 64-Bit Server VM (25.201-b09 mixed mode windows-amd64 compressed oops)
# Failed to write core dump. Minidumps are not enabled by default on client versions of Windows
#

---------------  T H R E A D  ---------------

Current thread (0x0000000000e1e000):  JavaThread "Unknown thread" [_thread_in_vm, id=15080, stack(0x0000000002580000,0x0000000002680000)]

Stack: [0x0000000002580000,0x0000000002680000]
[error occurred during error reporting (printing stack bounds), id 0xc0000005]

Native frames: (J=compiled Java code, j=interpreted, Vv=VM code, C=native code)


---------------  P R O C E S S  ---------------

Java Threads: ( => current thread )

Other Threads:

=>0x0000000000e1e000 (exited) JavaThread "Unknown thread" [_thread_in_vm, id=15080, stack(0x0000000002580000,0x0000000002680000)]

VM state:not at safepoint (normal execution)

VM Mutex/Monitor currently owned by a thread: None

heap address: 0x00000000c4a00000, size: 950 MB, Compressed Oops mode: 32-bit
Narrow klass base: 0x0000000000000000, Narrow klass shift: 3
Compressed class space size: 1073741824 Address: 0x0000000100000000

Heap:
 PSYoungGen      total 17920K, used 307K [0x00000000ec380000, 0x00000000ed780000, 0x0000000100000000)
  eden space 15360K, 2% used [0x00000000ec380000,0x00000000ec3cccd8,0x00000000ed280000)
  from space 2560K, 0% used [0x00000000ed500000,0x00000000ed500000,0x00000000ed780000)
  to   space 2560K, 0% used [0x00000000ed280000,0x00000000ed280000,0x00000000ed500000)
 ParOldGen       total 40960K, used 0K [0x00000000c4a00000, 0x00000000c7200000, 0x00000000ec380000)
  object space 40960K, 0% used [0x00000000c4a00000,0x00000000c4a00000,0x00000000c7200000)
 Metaspace       used 751K, capacity 4480K, committed 4480K, reserved 1056768K
  class space    used 76K, capacity 384K, committed 384K, reserved 1048576K

Card table byte_map: [0x0000000011bd0000,0x0000000011db0000] byte_map_base: 0x00000000115ab000

Marking Bits: (ParMarkBitMap*) 0x00000000513c4ce0
 Begin Bits: [0x00000000122f0000, 0x00000000131c8000)
 End Bits:   [0x00000000131c8000, 0x00000000140a0000)

Polling page: 0x0000000000df0000

CodeCache: size=245760Kb used=328Kb max_used=328Kb free=245431Kb
 bounds [0x0000000002810000, 0x0000000002a80000, 0x0000000011810000]
 total_blobs=58 nmethods=0 adapters=38
 compilation: enabled

Compilation events (0 events):
No events

GC Heap History (0 events):
No events

Deoptimization events (0 events):
No events

Classes redefined (0 events):
No events

Internal exceptions (0 events):
No events

Events (10 events):
Event: 0.076 loading class java/lang/Short
Event: 0.076 loading class java/lang/Short done
Event: 0.076 loading class java/lang/Integer
Event: 0.076 loading class java/lang/Integer done
Event: 0.076 loading class java/lang/Long
Event: 0.076 loading class java/lang/Long done
Event: 0.078 loading class java/lang/NullPointerException
Event: 0.078 loading class java/lang/NullPointerException done
Event: 0.078 loading class java/lang/ArithmeticException
Event: 0.079 loading class java/lang/ArithmeticException done


Dynamic libraries:
0x00007ff622470000 - 0x00007ff6224a7000 	C:\Program Files\Java\jre1.8.0_201\bin\javaw.exe
0x00007ffbad4a0000 - 0x00007ffbad64d000 	C:\WINDOWS\SYSTEM32\ntdll.dll
0x00007ffbacca0000 - 0x00007ffbacddf000 	C:\WINDOWS\system32\KERNEL32.DLL
0x00007ffbaa6d0000 - 0x00007ffbaa7e5000 	C:\WINDOWS\system32\KERNELBASE.dll
0x00007ffba9190000 - 0x00007ffba921e000 	C:\WINDOWS\system32\apphelp.dll
0x00007ffba8ab0000 - 0x00007ffba8b04000 	C:\WINDOWS\AppPatch\AppPatch64\AcGenral.DLL
0x00007ffbacde0000 - 0x00007ffbace8a000 	C:\WINDOWS\system32\msvcrt.dll
0x00007ffbaa6a0000 - 0x00007ffbaa6ce000 	C:\WINDOWS\system32\SspiCli.dll
0x00007ffbab040000 - 0x00007ffbab094000 	C:\WINDOWS\system32\SHLWAPI.dll
0x00007ffbaad60000 - 0x00007ffbaaed7000 	C:\WINDOWS\system32\USER32.dll
0x00007ffbad130000 - 0x00007ffbad2c4000 	C:\WINDOWS\system32\ole32.dll
0x00007ffbab360000 - 0x00007ffbac88b000 	C:\WINDOWS\system32\SHELL32.dll
0x00007ffba9b90000 - 0x00007ffba9bb1000 	C:\WINDOWS\SYSTEM32\USERENV.dll
0x00007ffbad2d0000 - 0x00007ffbad37a000 	C:\WINDOWS\system32\ADVAPI32.dll
0x00007ffba05b0000 - 0x00007ffba05ce000 	C:\WINDOWS\SYSTEM32\MPR.dll
0x00007ffbacb60000 - 0x00007ffbacca0000 	C:\WINDOWS\system32\RPCRT4.dll
0x00007ffbace90000 - 0x00007ffbacee9000 	C:\WINDOWS\SYSTEM32\sechost.dll
0x00007ffbac8e0000 - 0x00007ffbacaf0000 	C:\WINDOWS\SYSTEM32\combase.dll
0x00007ffbacf10000 - 0x00007ffbad05c000 	C:\WINDOWS\system32\GDI32.dll
0x00007ffbaa5d0000 - 0x00007ffbaa5e5000 	C:\WINDOWS\SYSTEM32\profapi.dll
0x00007ffba8510000 - 0x00007ffba85c2000 	C:\WINDOWS\SYSTEM32\SHCORE.dll
0x00007ffbac890000 - 0x00007ffbac8c6000 	C:\WINDOWS\system32\IMM32.DLL
0x00007ffbaaee0000 - 0x00007ffbab031000 	C:\WINDOWS\system32\MSCTF.dll
0x00007ffba74f0000 - 0x00007ffba776b000 	C:\WINDOWS\WinSxS\amd64_microsoft.windows.common-controls_6595b64144ccf1df_6.0.9600.19358_none_6244092fecba36f7\COMCTL32.dll
0x0000000051d10000 - 0x0000000051de1000 	C:\Program Files\Java\jre1.8.0_201\bin\msvcr100.dll
0x0000000050ba0000 - 0x0000000051444000 	C:\Program Files\Java\jre1.8.0_201\bin\server\jvm.dll
0x00007ffba28d0000 - 0x00007ffba28d9000 	C:\WINDOWS\SYSTEM32\WSOCK32.dll
0x00007ffba1e00000 - 0x00007ffba1e22000 	C:\WINDOWS\SYSTEM32\WINMM.dll
0x00007ffba28e0000 - 0x00007ffba28ea000 	C:\WINDOWS\SYSTEM32\VERSION.dll
0x00007ffbab280000 - 0x00007ffbab287000 	C:\WINDOWS\system32\PSAPI.DLL
0x00007ffbacaf0000 - 0x00007ffbacb4a000 	C:\WINDOWS\system32\WS2_32.dll
0x00007ffba1dd0000 - 0x00007ffba1dfa000 	C:\WINDOWS\SYSTEM32\WINMMBASE.dll
0x00007ffbacb50000 - 0x00007ffbacb59000 	C:\WINDOWS\system32\NSI.dll
0x00007ffbaa9d0000 - 0x00007ffbaaa1f000 	C:\WINDOWS\SYSTEM32\cfgmgr32.dll
0x00007ffba9410000 - 0x00007ffba9438000 	C:\WINDOWS\SYSTEM32\DEVOBJ.dll
0x00007ffba3a20000 - 0x00007ffba3a2f000 	C:\Program Files\Java\jre1.8.0_201\bin\verify.dll
0x00007ffba39f0000 - 0x00007ffba3a19000 	C:\Program Files\Java\jre1.8.0_201\bin\java.dll
0x00007ffba1fc0000 - 0x00007ffba1fd6000 	C:\Program Files\Java\jre1.8.0_201\bin\zip.dll

VM Arguments:
jvm_args: -Dfile.encoding=Cp1252 
java_command: Java.Register
java_class_path (initial): C:\Program Files\Java\jre1.8.0_201\lib\resources.jar;C:\Program Files\Java\jre1.8.0_201\lib\rt.jar;C:\Program Files\Java\jre1.8.0_201\lib\jsse.jar;C:\Program Files\Java\jre1.8.0_201\lib\jce.jar;C:\Program Files\Java\jre1.8.0_201\lib\charsets.jar;C:\Program Files\Java\jre1.8.0_201\lib\jfr.jar;C:\Program Files\Java\jre1.8.0_201\lib\ext\access-bridge-64.jar;C:\Program Files\Java\jre1.8.0_201\lib\ext\cldrdata.jar;C:\Program Files\Java\jre1.8.0_201\lib\ext\dnsns.jar;C:\Program Files\Java\jre1.8.0_201\lib\ext\jaccess.jar;C:\Program Files\Java\jre1.8.0_201\lib\ext\jfxrt.jar;C:\Program Files\Java\jre1.8.0_201\lib\ext\localedata.jar;C:\Program Files\Java\jre1.8.0_201\lib\ext\nashorn.jar;C:\Program Files\Java\jre1.8.0_201\lib\ext\sunec.jar;C:\Program Files\Java\jre1.8.0_201\lib\ext\sunjce_provider.jar;C:\Program Files\Java\jre1.8.0_201\lib\ext\sunmscapi.jar;C:\Program Files\Java\jre1.8.0_201\lib\ext\sunpkcs11.jar;C:\Program Files\Java\jre1.8.0_201\lib\ext\zipfs.jar;C:\Users\gurdial sharma\Hridey\bin;C:\Users\gurdial sharma\Desktop\64 bit\mysql-connector-java-5.1.10-bin.jar
Launcher Type: SUN_STANDARD

Environment Variables:
PATH=C:/Program Files/Java/jre1.8.0_201/bin/server;C:/Program Files/Java/jre1.8.0_201/bin;C:/Program Files/Java/jre1.8.0_201/lib/amd64;C:\Program Files (x86)\Common Files\Oracle\Java\javapath;C:\WINDOWS\system32;C:\WINDOWS;C:\WINDOWS\System32\Wbem;C:\WINDOWS\System32\WindowsPowerShell\v1.0\;C:\Android;C:\Windows\System32;;C:\Users\gurdial sharma\AppData\Local\Programs\Microsoft VS Code\bin;C:\Program Files\Java\jdk1.8.0_131\bin;D:\eclipse;
USERNAME=gurdial sharma
OS=Windows_NT
PROCESSOR_IDENTIFIER=Intel64 Family 6 Model 58 Stepping 9, GenuineIntel



---------------  S Y S T E M  ---------------

OS: Windows 8.1 , 64 bit Build 9600 (6.3.9600.19358)

CPU:total 4 (initial active 4) (2 cores per cpu, 2 threads per core) family 6 model 58 stepping 9, cmov, cx8, fxsr, mmx, sse, sse2, sse3, ssse3, sse4.1, sse4.2, popcnt, avx, clmul, erms, ht, tsc, tscinvbit, tscinv

Memory: 4k page, physical 3888672k(749848k free), swap 15947300k(5688k free)

vm_info: Java HotSpot(TM) 64-Bit Server VM (25.201-b09) for windows-amd64 JRE (1.8.0_201-b09), built on Dec 15 2018 18:36:39 by "java_re" with MS VC++ 10.0 (VS2010)

time: Fri Jul 05 09:23:41 2019
timezone: India Standard Time
elapsed time: 0 seconds (0d 0h 0m 0s)

